<?xml version="1.0" encoding="UTF-8"?>
<!-- Generated by org.testng.reporters.JUnitReportReporter -->
<testsuite hostname="IBM-DOTNET-001" name="Nativedemos.Demos" tests="1" failures="0" timestamp="11 Aug 2021 03:41:57 GMT" time="9.465" errors="0">
  <testcase name="testcase6" time="9.465" classname="Nativedemos.Demos"/>
</testsuite> <!-- Nativedemos.Demos -->
